Copyright 1986-2022 Xilinx, Inc. All Rights Reserved. Copyright 2022-2024 Advanced Micro Devices, Inc. All Rights Reserved.
---------------------------------------------------------------------------------------------------------------------------------------------
| Tool Version : Vivado v.2024.2.1 (win64) Build 5266912 Sun Dec 15 09:03:24 MST 2024
| Date         : Sun Mar  9 15:20:42 2025
| Host         : Retro-PC running 64-bit major release  (build 9200)
| Command      : upgrade_ip
| Device       : xc7a200tfbg484-3
---------------------------------------------------------------------------------------------------------------------------------------------

Upgrade Log for IP 'MEGA65_Core_Core_0_0'

1. Summary
----------

CAUTION (success, with warnings) in the update of MEGA65_Core_Core_0_0 (xilinx.com:user:Core:1.0 (Rev. 2)) to current project options.

After upgrade, an IP may have parameter and port differences compared to the original customization. Please review the parameters within the IP customization GUI to ensure proper functionality. Also, please review the updated IP instantiation template to ensure proper connectivity, and update your design if required.

2. Connection Warnings
----------------------

Detected external port differences while upgrading 'MEGA65_Core_Core_0_0'. These changes may impact your design.


-Upgraded port 'cart_romh_o' out differs from original direction in







Copyright 1986-2022 Xilinx, Inc. All Rights Reserved. Copyright 2022-2024 Advanced Micro Devices, Inc. All Rights Reserved.
---------------------------------------------------------------------------------------------------------------------------------------------
| Tool Version : Vivado v.2024.2.1 (win64) Build 5266912 Sun Dec 15 09:03:24 MST 2024
| Date         : Sun Mar  9 11:45:27 2025
| Host         : Retro-PC running 64-bit major release  (build 9200)
| Command      : upgrade_ip
| Device       : xc7a200tfbg484-3
---------------------------------------------------------------------------------------------------------------------------------------------

Upgrade Log for IP 'M65_Main_Amiga_EMU_0_0'

1. Summary
----------

SUCCESS in the update of M65_Main_Amiga_EMU_0_0 (xilinx.com:user:Amiga_EMU:1.0 (Rev. 2)) to current project options.






Copyright 1986-2022 Xilinx, Inc. All Rights Reserved. Copyright 2022-2024 Advanced Micro Devices, Inc. All Rights Reserved.
---------------------------------------------------------------------------------------------------------------------------------------------
| Tool Version : Vivado v.2024.2.1 (win64) Build 5266912 Sun Dec 15 09:03:24 MST 2024
| Date         : Sat Mar  8 17:07:09 2025
| Host         : Retro-PC running 64-bit major release  (build 9200)
| Command      : upgrade_ip
| Device       : xc7a200tfbg484-3
---------------------------------------------------------------------------------------------------------------------------------------------

Upgrade Log for IP 'MEGA65_Core_framework_0_0'

1. Summary
----------

CAUTION (success, with warnings) in the update of MEGA65_Core_framework_0_0 (xilinx.com:user:framework:1.0 (Rev. 2)) to current project options.

After upgrade, an IP may have parameter and port differences compared to the original customization. Please review the parameters within the IP customization GUI to ensure proper functionality. Also, please review the updated IP instantiation template to ensure proper connectivity, and update your design if required.

2. Connection Warnings
----------------------

Detected external port differences while upgrading 'MEGA65_Core_framework_0_0'. These changes may impact your design.


-Upgraded port 'main_key_num_o' vector [79:0] differs from original vector [0:79]


